<?xml version="1.0" encoding="UTF-8"?>
<!-- Generated by org.testng.reporters.JUnitReportReporter -->
<testsuite hostname="RAVI" failures="0" tests="4" name="Day05.RestAssuredRequests" time="4.694" errors="0" timestamp="2023-07-10T09:48:43 IST" skipped="0">
  <testcase classname="Day05.RestAssuredRequests" name="postRequest" time="2.903"/>
  <system-out/>
  <testcase classname="Day05.RestAssuredRequests" name="putRequest" time="0.594"/>
  <system-out/>
  <testcase classname="Day05.RestAssuredRequests" name="getRequest" time="0.547"/>
  <system-out/>
  <testcase classname="Day05.RestAssuredRequests" name="deleteRequest" time="0.650"/>
  <system-out/>
</testsuite> <!-- Day05.RestAssuredRequests -->
