<?xml version="1.0" encoding="UTF-8"?>
<!-- Generated by org.testng.reporters.JUnitReportReporter -->
<testsuite hostname="RAVI" failures="0" tests="1" name="WithGherkinKeyWords.PostRequestTest" time="3.778" errors="0" timestamp="2023-07-10T09:42:50 IST" skipped="0">
  <testcase classname="WithGherkinKeyWords.PostRequestTest" name="postRequest" time="3.778"/>
  <system-out/>
</testsuite> <!-- WithGherkinKeyWords.PostRequestTest -->
