<?xml version="1.0" encoding="UTF-8"?>
<!-- Generated by org.testng.reporters.JUnitReportReporter -->
<testsuite hostname="RAVI" failures="0" tests="5" name="MainProject.RestAssuredRequests" time="0.016" errors="1" timestamp="2023-07-31T09:19:20 IST" skipped="4">
  <testcase classname="MainProject.RestAssuredRequests" name="postRequest" time="0.000">
    <skipped/>
  </testcase> <!-- postRequest -->
  <system-out/>
  <testcase classname="MainProject.RestAssuredRequests" name="putRequest" time="0.000">
    <skipped/>
  </testcase> <!-- putRequest -->
  <system-out/>
  <testcase classname="MainProject.RestAssuredRequests" name="deleteRequest" time="0.000">
    <skipped/>
  </testcase> <!-- deleteRequest -->
  <system-out/>
  <testcase classname="MainProject.RestAssuredRequests" name="beforeSuite" time="0.016">
    <error message="Unresolved compilation problems: 
	ExtentHtmlReporter cannot be resolved to a type
	ExtentHtmlReporter cannot be resolved to a type
" type="java.lang.Error">
      <![CDATA[java.lang.Error: Unresolved compilation problems: 
ExtentHtmlReporter cannot be resolved to a type
ExtentHtmlReporter cannot be resolved to a type

at MainProject.RestAssuredRequests.beforeSuite(RestAssuredRequests.java:28)
at java.base/jdk.internal.reflect.DirectMethodHandleAccessor.invoke(DirectMethodHandleAccessor.java:104)
at java.base/java.lang.reflect.Method.invoke(Method.java:578)
at org.testng.internal.MethodInvocationHelper.invokeMethod(MethodInvocationHelper.java:133)
at org.testng.internal.MethodInvocationHelper.invokeMethodConsideringTimeout(MethodInvocationHelper.java:62)
at org.testng.internal.ConfigInvoker.invokeConfigurationMethod(ConfigInvoker.java:385)
at org.testng.internal.ConfigInvoker.invokeConfigurations(ConfigInvoker.java:321)
at org.testng.SuiteRunner.privateRun(SuiteRunner.java:317)
at org.testng.SuiteRunner.run(SuiteRunner.java:276)
at org.testng.SuiteRunnerWorker.runSuite(SuiteRunnerWorker.java:53)
at org.testng.SuiteRunnerWorker.run(SuiteRunnerWorker.java:96)
at org.testng.TestNG.runSuitesSequentially(TestNG.java:1212)
at org.testng.TestNG.runSuitesLocally(TestNG.java:1134)
at org.testng.TestNG.runSuites(TestNG.java:1063)
at org.testng.TestNG.run(TestNG.java:1031)
at org.testng.remote.AbstractRemoteTestNG.run(AbstractRemoteTestNG.java:115)
at org.testng.remote.RemoteTestNG.initAndRun(RemoteTestNG.java:251)
at org.testng.remote.RemoteTestNG.main(RemoteTestNG.java:77)
]]>
    </error>
  </testcase> <!-- beforeSuite -->
  <system-out/>
  <testcase classname="MainProject.RestAssuredRequests" name="getRequest" time="0.000">
    <skipped/>
  </testcase> <!-- getRequest -->
  <system-out/>
</testsuite> <!-- MainProject.RestAssuredRequests -->
