<?xml version="1.0" encoding="UTF-8"?>
<!-- Generated by org.testng.reporters.JUnitReportReporter -->
<testsuite hostname="RAVI" failures="0" tests="1" name="Day09.DeleteExample" time="0.386" errors="0" timestamp="2023-08-08T09:00:41 IST" skipped="0">
  <testcase classname="Day09.DeleteExample" name="DeleteTest" time="0.386"/>
  <system-out/>
</testsuite> <!-- Day09.DeleteExample -->
