<?xml version="1.0" encoding="UTF-8"?>
<!-- Generated by org.testng.reporters.JUnitReportReporter -->
<testsuite hostname="RAVI" failures="0" tests="1" name="Day09.PutExample" time="0.411" errors="0" timestamp="2023-08-08T09:00:41 IST" skipped="0">
  <testcase classname="Day09.PutExample" name="updateResoure" time="0.411"/>
  <system-out/>
</testsuite> <!-- Day09.PutExample -->
