<?xml version="1.0" encoding="UTF-8"?>
<!-- Generated by org.testng.reporters.JUnitReportReporter -->
<testsuite hostname="RAVI" failures="0" tests="4" name="MainProject.ApiTest" time="4.235" errors="0" timestamp="2023-08-08T09:00:41 IST" skipped="0">
  <testcase classname="MainProject.ApiTest" name="testPostMethod" time="0.431"/>
  <system-out/>
  <testcase classname="MainProject.ApiTest" name="testPutMethod" time="0.423"/>
  <system-out/>
  <testcase classname="MainProject.ApiTest" name="testGetMethod" time="1.177"/>
  <system-out/>
  <testcase classname="MainProject.ApiTest" name="testDeleteMethod" time="2.204"/>
  <system-out/>
</testsuite> <!-- MainProject.ApiTest -->
