<?xml version="1.0" encoding="UTF-8"?>
<!-- Generated by org.testng.reporters.JUnitReportReporter -->
<testsuite hostname="RAVI" failures="0" tests="1" name="DataDrivenTest.DataDrivenwithJson" time="2.849" errors="0" timestamp="2023-08-02T09:33:55 IST" skipped="0">
  <testcase classname="DataDrivenTest.DataDrivenwithJson" name="sendPostRequest" time="2.849"/>
  <system-out/>
</testsuite> <!-- DataDrivenTest.DataDrivenwithJson -->
